{"/home/israa/Desktop/virus-to-do-list/test.js":{"path":"/home/israa/Desktop/virus-to-do-list/test.js","s":{"1":1,"2":1,"3":1,"4":1,"5":1,"6":1,"7":1,"8":1,"9":1,"10":1,"11":1,"12":1,"13":1,"14":1,"15":1,"16":1,"17":1,"18":1,"19":1,"20":1,"21":1,"22":1,"23":1,"24":1,"25":1,"26":1,"27":1,"28":1,"29":1,"30":1,"31":1,"32":1,"33":1,"34":1,"35":1,"36":1,"37":1,"38":1,"39":1,"40":1,"41":1,"42":1,"43":1,"44":1,"45":1,"46":1,"47":1,"48":1,"49":1,"50":1,"51":1,"52":1,"53":1,"54":1},"b":{},"f":{"1":1,"2":1,"3":1,"4":1,"5":1,"6":1,"7":1,"8":1,"9":1,"10":1,"11":1},"fnMap":{"1":{"name":"(anonymous_1)","line":5,"loc":{"start":{"line":5,"column":36},"end":{"line":5,"column":49}}},"2":{"name":"(anonymous_2)","line":32,"loc":{"start":{"line":32,"column":37},"end":{"line":32,"column":50}}},"3":{"name":"(anonymous_3)","line":57,"loc":{"start":{"line":57,"column":37},"end":{"line":57,"column":50}}},"4":{"name":"(anonymous_4)","line":82,"loc":{"start":{"line":82,"column":35},"end":{"line":82,"column":48}}},"5":{"name":"(anonymous_5)","line":90,"loc":{"start":{"line":90,"column":35},"end":{"line":90,"column":48}}},"6":{"name":"(anonymous_6)","line":122,"loc":{"start":{"line":122,"column":35},"end":{"line":122,"column":48}}},"7":{"name":"(anonymous_7)","line":134,"loc":{"start":{"line":134,"column":36},"end":{"line":134,"column":49}}},"8":{"name":"(anonymous_8)","line":135,"loc":{"start":{"line":135,"column":16},"end":{"line":135,"column":32}}},"9":{"name":"(anonymous_9)","line":159,"loc":{"start":{"line":159,"column":36},"end":{"line":159,"column":49}}},"10":{"name":"(anonymous_10)","line":160,"loc":{"start":{"line":160,"column":16},"end":{"line":160,"column":32}}},"11":{"name":"(anonymous_11)","line":184,"loc":{"start":{"line":184,"column":35},"end":{"line":184,"column":48}}}},"statementMap":{"1":{"start":{"line":1,"column":0},"end":{"line":1,"column":27}},"2":{"start":{"line":2,"column":0},"end":{"line":2,"column":31}},"3":{"start":{"line":5,"column":0},"end":{"line":29,"column":3}},"4":{"start":{"line":6,"column":2},"end":{"line":6,"column":46}},"5":{"start":{"line":7,"column":2},"end":{"line":11,"column":5}},"6":{"start":{"line":12,"column":2},"end":{"line":12,"column":54}},"7":{"start":{"line":13,"column":2},"end":{"line":17,"column":19}},"8":{"start":{"line":18,"column":2},"end":{"line":26,"column":5}},"9":{"start":{"line":27,"column":2},"end":{"line":27,"column":54}},"10":{"start":{"line":28,"column":2},"end":{"line":28,"column":10}},"11":{"start":{"line":32,"column":0},"end":{"line":54,"column":3}},"12":{"start":{"line":33,"column":2},"end":{"line":41,"column":9}},"13":{"start":{"line":42,"column":2},"end":{"line":50,"column":5}},"14":{"start":{"line":51,"column":2},"end":{"line":51,"column":90}},"15":{"start":{"line":53,"column":2},"end":{"line":53,"column":10}},"16":{"start":{"line":57,"column":0},"end":{"line":79,"column":3}},"17":{"start":{"line":58,"column":2},"end":{"line":66,"column":9}},"18":{"start":{"line":68,"column":2},"end":{"line":76,"column":5}},"19":{"start":{"line":77,"column":2},"end":{"line":77,"column":91}},"20":{"start":{"line":78,"column":2},"end":{"line":78,"column":10}},"21":{"start":{"line":82,"column":0},"end":{"line":87,"column":3}},"22":{"start":{"line":83,"column":2},"end":{"line":83,"column":41}},"23":{"start":{"line":84,"column":2},"end":{"line":84,"column":22}},"24":{"start":{"line":85,"column":2},"end":{"line":85,"column":58}},"25":{"start":{"line":86,"column":2},"end":{"line":86,"column":10}},"26":{"start":{"line":90,"column":0},"end":{"line":119,"column":3}},"27":{"start":{"line":91,"column":2},"end":{"line":103,"column":9}},"28":{"start":{"line":104,"column":2},"end":{"line":116,"column":5}},"29":{"start":{"line":117,"column":2},"end":{"line":117,"column":58}},"30":{"start":{"line":118,"column":2},"end":{"line":118,"column":10}},"31":{"start":{"line":122,"column":0},"end":{"line":131,"column":3}},"32":{"start":{"line":123,"column":2},"end":{"line":127,"column":9}},"33":{"start":{"line":128,"column":2},"end":{"line":128,"column":22}},"34":{"start":{"line":129,"column":2},"end":{"line":129,"column":58}},"35":{"start":{"line":130,"column":2},"end":{"line":130,"column":10}},"36":{"start":{"line":134,"column":0},"end":{"line":156,"column":3}},"37":{"start":{"line":135,"column":2},"end":{"line":137,"column":3}},"38":{"start":{"line":136,"column":4},"end":{"line":136,"column":27}},"39":{"start":{"line":138,"column":2},"end":{"line":145,"column":14}},"40":{"start":{"line":146,"column":2},"end":{"line":153,"column":5}},"41":{"start":{"line":154,"column":2},"end":{"line":154,"column":102}},"42":{"start":{"line":155,"column":2},"end":{"line":155,"column":10}},"43":{"start":{"line":159,"column":0},"end":{"line":181,"column":3}},"44":{"start":{"line":160,"column":2},"end":{"line":162,"column":3}},"45":{"start":{"line":161,"column":4},"end":{"line":161,"column":27}},"46":{"start":{"line":163,"column":2},"end":{"line":170,"column":14}},"47":{"start":{"line":171,"column":2},"end":{"line":178,"column":4}},"48":{"start":{"line":179,"column":2},"end":{"line":179,"column":102}},"49":{"start":{"line":180,"column":2},"end":{"line":180,"column":10}},"50":{"start":{"line":184,"column":0},"end":{"line":209,"column":3}},"51":{"start":{"line":185,"column":2},"end":{"line":197,"column":9}},"52":{"start":{"line":198,"column":2},"end":{"line":206,"column":5}},"53":{"start":{"line":207,"column":2},"end":{"line":207,"column":58}},"54":{"start":{"line":208,"column":2},"end":{"line":208,"column":10}}},"branchMap":{}},"/home/israa/Desktop/virus-to-do-list/logic.js":{"path":"/home/israa/Desktop/virus-to-do-list/logic.js","s":{"1":1,"2":1,"3":1,"4":2,"5":1,"6":2,"7":2,"8":2,"9":4,"10":7,"11":4,"12":2,"13":2,"14":4,"15":2,"16":4,"17":2,"18":2,"19":2,"20":2,"21":1,"22":1},"b":{"1":[2,2],"2":[1,0]},"f":{"1":1,"2":2,"3":2,"4":4,"5":2,"6":2},"fnMap":{"1":{"name":"(anonymous_1)","line":7,"loc":{"start":{"line":7,"column":15},"end":{"line":7,"column":27}}},"2":{"name":"incrementCounter","line":10,"loc":{"start":{"line":10,"column":4},"end":{"line":10,"column":32}}},"3":{"name":"(anonymous_3)","line":19,"loc":{"start":{"line":19,"column":11},"end":{"line":19,"column":37}}},"4":{"name":"(anonymous_4)","line":32,"loc":{"start":{"line":32,"column":14},"end":{"line":32,"column":43}}},"5":{"name":"(anonymous_5)","line":39,"loc":{"start":{"line":39,"column":12},"end":{"line":39,"column":39}}},"6":{"name":"(anonymous_6)","line":57,"loc":{"start":{"line":57,"column":13},"end":{"line":57,"column":44}}}},"statementMap":{"1":{"start":{"line":4,"column":0},"end":{"line":66,"column":2}},"2":{"start":{"line":8,"column":4},"end":{"line":8,"column":22}},"3":{"start":{"line":10,"column":4},"end":{"line":12,"column":5}},"4":{"start":{"line":11,"column":6},"end":{"line":11,"column":30}},"5":{"start":{"line":14,"column":4},"end":{"line":14,"column":28}},"6":{"start":{"line":24,"column":4},"end":{"line":24,"column":33}},"7":{"start":{"line":25,"column":4},"end":{"line":29,"column":7}},"8":{"start":{"line":30,"column":4},"end":{"line":30,"column":20}},"9":{"start":{"line":36,"column":4},"end":{"line":36,"column":64}},"10":{"start":{"line":36,"column":40},"end":{"line":36,"column":62}},"11":{"start":{"line":37,"column":4},"end":{"line":37,"column":20}},"12":{"start":{"line":40,"column":4},"end":{"line":40,"column":34}},"13":{"start":{"line":42,"column":4},"end":{"line":47,"column":7}},"14":{"start":{"line":43,"column":6},"end":{"line":45,"column":7}},"15":{"start":{"line":44,"column":8},"end":{"line":44,"column":37}},"16":{"start":{"line":46,"column":6},"end":{"line":46,"column":21}},"17":{"start":{"line":49,"column":4},"end":{"line":49,"column":19}},"18":{"start":{"line":58,"column":4},"end":{"line":58,"column":32}},"19":{"start":{"line":59,"column":4},"end":{"line":59,"column":45}},"20":{"start":{"line":60,"column":4},"end":{"line":60,"column":18}},"21":{"start":{"line":73,"column":0},"end":{"line":75,"column":1}},"22":{"start":{"line":74,"column":2},"end":{"line":74,"column":33}}},"branchMap":{"1":{"line":43,"type":"if","locations":[{"start":{"line":43,"column":6},"end":{"line":43,"column":6}},{"start":{"line":43,"column":6},"end":{"line":43,"column":6}}]},"2":{"line":73,"type":"if","locations":[{"start":{"line":73,"column":0},"end":{"line":73,"column":0}},{"start":{"line":73,"column":0},"end":{"line":73,"column":0}}]}}}}