TN:
SF:/home/israa/Desktop/virus-to-do-list/test.js
FN:5,(anonymous_1)
FN:32,(anonymous_2)
FN:57,(anonymous_3)
FN:82,(anonymous_4)
FN:90,(anonymous_5)
FN:122,(anonymous_6)
FN:134,(anonymous_7)
FN:135,(anonymous_8)
FN:159,(anonymous_9)
FN:160,(anonymous_10)
FN:184,(anonymous_11)
FNF:11
FNH:11
FNDA:1,(anonymous_1)
FNDA:1,(anonymous_2)
FNDA:1,(anonymous_3)
FNDA:1,(anonymous_4)
FNDA:1,(anonymous_5)
FNDA:1,(anonymous_6)
FNDA:1,(anonymous_7)
FNDA:1,(anonymous_8)
FNDA:1,(anonymous_9)
FNDA:1,(anonymous_10)
FNDA:1,(anonymous_11)
DA:1,1
DA:2,1
DA:5,1
DA:6,1
DA:7,1
DA:12,1
DA:13,1
DA:18,1
DA:27,1
DA:28,1
DA:32,1
DA:33,1
DA:42,1
DA:51,1
DA:53,1
DA:57,1
DA:58,1
DA:68,1
DA:77,1
DA:78,1
DA:82,1
DA:83,1
DA:84,1
DA:85,1
DA:86,1
DA:90,1
DA:91,1
DA:104,1
DA:117,1
DA:118,1
DA:122,1
DA:123,1
DA:128,1
DA:129,1
DA:130,1
DA:134,1
DA:135,1
DA:136,1
DA:138,1
DA:146,1
DA:154,1
DA:155,1
DA:159,1
DA:160,1
DA:161,1
DA:163,1
DA:171,1
DA:179,1
DA:180,1
DA:184,1
DA:185,1
DA:198,1
DA:207,1
DA:208,1
LF:54
LH:54
BRF:0
BRH:0
end_of_record
TN:
SF:/home/israa/Desktop/virus-to-do-list/logic.js
FN:7,(anonymous_1)
FN:10,incrementCounter
FN:19,(anonymous_3)
FN:32,(anonymous_4)
FN:39,(anonymous_5)
FN:57,(anonymous_6)
FNF:6
FNH:6
FNDA:1,(anonymous_1)
FNDA:2,incrementCounter
FNDA:2,(anonymous_3)
FNDA:4,(anonymous_4)
FNDA:2,(anonymous_5)
FNDA:2,(anonymous_6)
DA:4,1
DA:8,1
DA:10,1
DA:11,2
DA:14,1
DA:24,2
DA:25,2
DA:30,2
DA:36,7
DA:37,4
DA:40,2
DA:42,2
DA:43,4
DA:44,2
DA:46,4
DA:49,2
DA:58,2
DA:59,2
DA:60,2
DA:73,1
DA:74,1
LF:21
LH:21
BRDA:43,1,0,2
BRDA:43,1,1,2
BRDA:73,2,0,1
BRDA:73,2,1,0
BRF:4
BRH:3
end_of_record
